<?xml version="1.0" encoding="UTF-8"?>
<!-- Generated by org.testng.reporters.JUnitReportReporter -->
<testsuite hostname="ASDW0020" name="testngpackage.TestngArrayList" tests="1" failures="0" timestamp="5 Feb 2019 12:11:25 GMT" time="0.011" errors="0">
  <testcase name="testngArrayList" time="0.011" classname="testngpackage.TestngArrayList"/>
</testsuite> <!-- testngpackage.TestngArrayList -->
