<?xml version="1.0" encoding="UTF-8"?>
<!-- Generated by org.testng.reporters.JUnitReportReporter -->
<testsuite hostname="ASDW0020" name="testngpackage.AppTest" tests="1" failures="0" timestamp="5 Feb 2019 12:11:26 GMT" time="0.001" errors="0">
  <testcase name="shouldAnswerWithTrue" time="0.001" classname="testngpackage.AppTest"/>
</testsuite> <!-- testngpackage.AppTest -->
